# JRE version: OpenJDK Runtime Environment (8.0_152-b06) (build 1.8.0_152-release-1136-b06)
# Java VM: OpenJDK 64-Bit Server VM (25.152-b06 mixed mode windows-amd64 compressed oops)
Heap:
 PSYoungGen      total 127488K, used 110935K [0x00000000f5580000, 0x00000000fe480000, 0x0000000100000000)
  eden space 115200K, 85% used [0x00000000f5580000,0x00000000fb5d6d68,0x00000000fc600000)
  from space 12288K, 99% used [0x00000000fd500000,0x00000000fe0ff120,0x00000000fe100000)
  to   space 15360K, 0% used [0x00000000fc600000,0x00000000fc600000,0x00000000fd500000)
 ParOldGen       total 187392K, used 19265K [0x00000000e0000000, 0x00000000eb700000, 0x00000000f5580000)
  object space 187392K, 10% used [0x00000000e0000000,0x00000000e12d0658,0x00000000eb700000)
 Metaspace       used 54309K, capacity 55676K, committed 55936K, reserved 1097728K
  class space    used 7163K, capacity 7518K, committed 7552K, reserved 1048576K
GC Heap History (10 events):
Event: 23.547 GC heap before
{Heap before GC invocations=6 (full 1):
 PSYoungGen      total 76288K, used 74462K [0x00000000f5580000, 0x00000000fc080000, 0x0000000100000000)
  eden space 65536K, 100% used [0x00000000f5580000,0x00000000f9580000,0x00000000f9580000)
  from space 10752K, 83% used [0x00000000fa000000,0x00000000fa8b7878,0x00000000faa80000)
  to   space 10752K, 0% used [0x00000000f9580000,0x00000000f9580000,0x00000000fa000000)
 ParOldGen       total 175104K, used 11338K [0x00000000e0000000, 0x00000000eab00000, 0x00000000f5580000)
  object space 175104K, 6% used [0x00000000e0000000,0x00000000e0b12838,0x00000000eab00000)
 Metaspace       used 33252K, capacity 33904K, committed 34176K, reserved 1079296K
  class space    used 4500K, capacity 4695K, committed 4736K, reserved 1048576K
Event: 23.559 GC heap after
Heap after GC invocations=6 (full 1):
 PSYoungGen      total 76288K, used 10160K [0x00000000f5580000, 0x00000000fc400000, 0x0000000100000000)
  eden space 65536K, 0% used [0x00000000f5580000,0x00000000f5580000,0x00000000f9580000)
  from space 10752K, 94% used [0x00000000f9580000,0x00000000f9f6c2e0,0x00000000fa000000)
  to   space 12800K, 0% used [0x00000000fb780000,0x00000000fb780000,0x00000000fc400000)
 ParOldGen       total 175104K, used 11346K [0x00000000e0000000, 0x00000000eab00000, 0x00000000f5580000)
  object space 175104K, 6% used [0x00000000e0000000,0x00000000e0b14838,0x00000000eab00000)
 Metaspace       used 33252K, capacity 33904K, committed 34176K, reserved 1079296K
  class space    used 4500K, capacity 4695K, committed 4736K, reserved 1048576K
}
Event: 24.430 GC heap before
{Heap before GC invocations=7 (full 1):
 PSYoungGen      total 76288K, used 28494K [0x00000000f5580000, 0x00000000fc400000, 0x0000000100000000)
  eden space 65536K, 27% used [0x00000000f5580000,0x00000000f6767898,0x00000000f9580000)
  from space 10752K, 94% used [0x00000000f9580000,0x00000000f9f6c2e0,0x00000000fa000000)
  to   space 12800K, 0% used [0x00000000fb780000,0x00000000fb780000,0x00000000fc400000)
 ParOldGen       total 175104K, used 11346K [0x00000000e0000000, 0x00000000eab00000, 0x00000000f5580000)
  object space 175104K, 6% used [0x00000000e0000000,0x00000000e0b14838,0x00000000eab00000)
 Metaspace       used 34542K, capacity 35280K, committed 35496K, reserved 1079296K
  class space    used 4594K, capacity 4810K, committed 4864K, reserved 1048576K
Event: 24.441 GC heap after
Heap after GC invocations=7 (full 1):
 PSYoungGen      total 100352K, used 7862K [0x00000000f5580000, 0x00000000fc880000, 0x0000000100000000)
  eden space 87552K, 0% used [0x00000000f5580000,0x00000000f5580000,0x00000000fab00000)
  from space 12800K, 61% used [0x00000000fb780000,0x00000000fbf2d880,0x00000000fc400000)
  to   space 12800K, 0% used [0x00000000fab00000,0x00000000fab00000,0x00000000fb780000)
 ParOldGen       total 175104K, used 11354K [0x00000000e0000000, 0x00000000eab00000, 0x00000000f5580000)
  object space 175104K, 6% used [0x00000000e0000000,0x00000000e0b16838,0x00000000eab00000)
 Metaspace       used 34542K, capacity 35280K, committed 35496K, reserved 1079296K
  class space    used 4594K, capacity 4810K, committed 4864K, reserved 1048576K
}
Event: 24.441 GC heap before
{Heap before GC invocations=8 (full 2):
 PSYoungGen      total 100352K, used 7862K [0x00000000f5580000, 0x00000000fc880000, 0x0000000100000000)
  eden space 87552K, 0% used [0x00000000f5580000,0x00000000f5580000,0x00000000fab00000)
  from space 12800K, 61% used [0x00000000fb780000,0x00000000fbf2d880,0x00000000fc400000)
  to   space 12800K, 0% used [0x00000000fab00000,0x00000000fab00000,0x00000000fb780000)
 ParOldGen       total 175104K, used 11354K [0x00000000e0000000, 0x00000000eab00000, 0x00000000f5580000)
  object space 175104K, 6% used [0x00000000e0000000,0x00000000e0b16838,0x00000000eab00000)
 Metaspace       used 34542K, capacity 35280K, committed 35496K, reserved 1079296K
  class space    used 4594K, capacity 4810K, committed 4864K, reserved 1048576K
Event: 24.545 GC heap after
Heap after GC invocations=8 (full 2):
 PSYoungGen      total 100352K, used 0K [0x00000000f5580000, 0x00000000fc880000, 0x0000000100000000)
  eden space 87552K, 0% used [0x00000000f5580000,0x00000000f5580000,0x00000000fab00000)
  from space 12800K, 0% used [0x00000000fb780000,0x00000000fb780000,0x00000000fc400000)
  to   space 12800K, 0% used [0x00000000fab00000,0x00000000fab00000,0x00000000fb780000)
 ParOldGen       total 187392K, used 14414K [0x00000000e0000000, 0x00000000eb700000, 0x00000000f5580000)
  object space 187392K, 7% used [0x00000000e0000000,0x00000000e0e139b0,0x00000000eb700000)
 Metaspace       used 34489K, capacity 35148K, committed 35496K, reserved 1079296K
  class space    used 4581K, capacity 4766K, committed 4864K, reserved 1048576K
}
Event: 31.760 GC heap before
{Heap before GC invocations=9 (full 2):
 PSYoungGen      total 100352K, used 87552K [0x00000000f5580000, 0x00000000fc880000, 0x0000000100000000)
  eden space 87552K, 100% used [0x00000000f5580000,0x00000000fab00000,0x00000000fab00000)
  from space 12800K, 0% used [0x00000000fb780000,0x00000000fb780000,0x00000000fc400000)
  to   space 12800K, 0% used [0x00000000fab00000,0x00000000fab00000,0x00000000fb780000)
 ParOldGen       total 187392K, used 14414K [0x00000000e0000000, 0x00000000eb700000, 0x00000000f5580000)
  object space 187392K, 7% used [0x00000000e0000000,0x00000000e0e139b0,0x00000000eb700000)
 Metaspace       used 38440K, capacity 39402K, committed 39552K, reserved 1083392K
  class space    used 5187K, capacity 5471K, committed 5504K, reserved 1048576K
Event: 31.783 GC heap after
Heap after GC invocations=9 (full 2):
 PSYoungGen      total 100352K, used 9078K [0x00000000f5580000, 0x00000000fe100000, 0x0000000100000000)
  eden space 87552K, 0% used [0x00000000f5580000,0x00000000f5580000,0x00000000fab00000)
  from space 12800K, 70% used [0x00000000fab00000,0x00000000fb3ddb80,0x00000000fb780000)
  to   space 12288K, 0% used [0x00000000fd500000,0x00000000fd500000,0x00000000fe100000)
 ParOldGen       total 187392K, used 14422K [0x00000000e0000000, 0x00000000eb700000, 0x00000000f5580000)
  object space 187392K, 7% used [0x00000000e0000000,0x00000000e0e159b0,0x00000000eb700000)
 Metaspace       used 38440K, capacity 39402K, committed 39552K, reserved 1083392K
  class space    used 5187K, capacity 5471K, committed 5504K, reserved 1048576K
}
Event: 45.956 GC heap before
{Heap before GC invocations=10 (full 2):
 PSYoungGen      total 100352K, used 96630K [0x00000000f5580000, 0x00000000fe100000, 0x0000000100000000)
  eden space 87552K, 100% used [0x00000000f5580000,0x00000000fab00000,0x00000000fab00000)
  from space 12800K, 70% used [0x00000000fab00000,0x00000000fb3ddb80,0x00000000fb780000)
  to   space 12288K, 0% used [0x00000000fd500000,0x00000000fd500000,0x00000000fe100000)
 ParOldGen       total 187392K, used 14422K [0x00000000e0000000, 0x00000000eb700000, 0x00000000f5580000)
  object space 187392K, 7% used [0x00000000e0000000,0x00000000e0e159b0,0x00000000eb700000)
 Metaspace       used 49448K, capacity 50614K, committed 50944K, reserved 1093632K
  class space    used 6522K, capacity 6844K, committed 6912K, reserved 1048576K
Event: 45.998 GC heap after
Heap after GC invocations=10 (full 2):
 PSYoungGen      total 127488K, used 12284K [0x00000000f5580000, 0x00000000fe480000, 0x0000000100000000)
  eden space 115200K, 0% used [0x00000000f5580000,0x00000000f5580000,0x00000000fc600000)
  from space 12288K, 99% used [0x00000000fd500000,0x00000000fe0ff120,0x00000000fe100000)
  to   space 15360K, 0% used [0x00000000fc600000,0x00000000fc600000,0x00000000fd500000)
 ParOldGen       total 187392K, used 19265K [0x00000000e0000000, 0x00000000eb700000, 0x00000000f5580000)
  object space 187392K, 10% used [0x00000000e0000000,0x00000000e12d0658,0x00000000eb700000)
 Metaspace       used 49448K, capacity 50614K, committed 50944K, reserved 1093632K
  class space    used 6522K, capacity 6844K, committed 6912K, reserved 1048576K
}

